Using pre-set license
Built from '2020.3/staging' branch; Version is '2020.3.30f1 (1fb1bf06830e) revision 2077119'; Using compiler version '192528614'; Build Type 'Release'
OS: 'Windows 10  (10.0.19044) 64bit Professional' Language: 'pt' Physical Memory: 8130 MB
BatchMode: 1, IsHumanControllingUs: 0, StartBugReporterOnCrash: 0, Is64bit: 1, IsPro: 0

COMMAND LINE ARGUMENTS:
D:\Unity\Editor\2020.3.30f1\Editor\Unity.exe
-adb2
-batchMode
-noUpm
-name
AssetImportWorker0
-projectPath
D:/UNI/Prog/tsiw-deified
-logFile
Logs/AssetImportWorker0.log
-srvPort
2519
Successfully changed project path to: D:/UNI/Prog/tsiw-deified
D:/UNI/Prog/tsiw-deified
Using Asset Import Pipeline V2.
Refreshing native plugins compatible for Editor in 90.55 ms, found 2 plugins.
Preloading 0 native plugins for Editor in 0.00 ms.
Initialize engine version: 2020.3.30f1 (1fb1bf06830e)
[Subsystems] Discovering subsystems at path D:/Unity/Editor/2020.3.30f1/Editor/Data/Resources/UnitySubsystems
[Subsystems] Discovering subsystems at path D:/UNI/Prog/tsiw-deified/Assets
GfxDevice: creating device client; threaded=0
Direct3D:
    Version:  Direct3D 11.0 [level 11.0]
    Renderer: NVIDIA GeForce GTX 770 (ID=0x1184)
    Vendor:   
    VRAM:     2007 MB
    Driver:   27.21.14.6677
Initialize mono
Mono path[0] = 'D:/Unity/Editor/2020.3.30f1/Editor/Data/Managed'
Mono path[1] = 'D:/Unity/Editor/2020.3.30f1/Editor/Data/MonoBleedingEdge/lib/mono/unityjit'
Mono config path = 'D:/Unity/Editor/2020.3.30f1/Editor/Data/MonoBleedingEdge/etc'
Using monoOptions --debugger-agent=transport=dt_socket,embedding=1,server=y,suspend=n,address=127.0.0.1:56160
Begin MonoManager ReloadAssembly
Registering precompiled unity dll's ...
Register platform support module: D:/Unity/Editor/2020.3.30f1/Editor/Data/PlaybackEngines/WindowsStandaloneSupport/UnityEditor.WindowsStandalone.Extensions.dll
Registered in 0.001862 seconds.
Native extension for WindowsStandalone target not found
Refreshing native plugins compatible for Editor in 92.09 ms, found 2 plugins.
Preloading 0 native plugins for Editor in 0.00 ms.
Mono: successfully reloaded assembly
- Completed reload, in  0.702 seconds
Domain Reload Profiling:
	ReloadAssembly (702ms)
		BeginReloadAssembly (111ms)
			ExecutionOrderSort (0ms)
			DisableScriptedObjects (0ms)
			BackupInstance (0ms)
			ReleaseScriptingObjects (0ms)
			CreateAndSetChildDomain (1ms)
		EndReloadAssembly (519ms)
			LoadAssemblies (111ms)
			RebuildTransferFunctionScriptingTraits (0ms)
			SetupTypeCache (160ms)
			ReleaseScriptCaches (0ms)
			RebuildScriptCaches (30ms)
			SetupLoadedEditorAssemblies (223ms)
				LogAssemblyErrors (0ms)
				InitializePlatformSupportModulesInManaged (4ms)
				SetLoadedEditorAssemblies (0ms)
				RefreshPlugins (92ms)
				BeforeProcessingInitializeOnLoad (13ms)
				ProcessInitializeOnLoadAttributes (85ms)
				ProcessInitializeOnLoadMethodAttributes (28ms)
				AfterProcessingInitializeOnLoad (0ms)
				EditorAssembliesLoaded (0ms)
			ExecutionOrderSort2 (0ms)
			AwakeInstancesAfterBackupRestoration (0ms)
Platform modules already initialized, skipping
Registering precompiled user dll's ...
Registered in 0.005095 seconds.
Begin MonoManager ReloadAssembly
Native extension for WindowsStandalone target not found
Refreshing native plugins compatible for Editor in 74.76 ms, found 2 plugins.
Preloading 0 native plugins for Editor in 0.00 ms.
Mono: successfully reloaded assembly
- Completed reload, in  1.425 seconds
Domain Reload Profiling:
	ReloadAssembly (1426ms)
		BeginReloadAssembly (197ms)
			ExecutionOrderSort (0ms)
			DisableScriptedObjects (5ms)
			BackupInstance (0ms)
			ReleaseScriptingObjects (0ms)
			CreateAndSetChildDomain (21ms)
		EndReloadAssembly (1163ms)
			LoadAssemblies (169ms)
			RebuildTransferFunctionScriptingTraits (0ms)
			SetupTypeCache (400ms)
			ReleaseScriptCaches (1ms)
			RebuildScriptCaches (81ms)
			SetupLoadedEditorAssemblies (437ms)
				LogAssemblyErrors (0ms)
				InitializePlatformSupportModulesInManaged (3ms)
				SetLoadedEditorAssemblies (0ms)
				RefreshPlugins (75ms)
				BeforeProcessingInitializeOnLoad (110ms)
				ProcessInitializeOnLoadAttributes (234ms)
				ProcessInitializeOnLoadMethodAttributes (11ms)
				AfterProcessingInitializeOnLoad (3ms)
				EditorAssembliesLoaded (0ms)
			ExecutionOrderSort2 (0ms)
			AwakeInstancesAfterBackupRestoration (6ms)
Platform modules already initialized, skipping
========================================================================
Worker process is ready to serve import requests
Launched and connected shader compiler UnityShaderCompiler.exe after 0.10 seconds
Refreshing native plugins compatible for Editor in 0.72 ms, found 2 plugins.
Preloading 0 native plugins for Editor in 0.00 ms.
Unloading 3897 Unused Serialized files (Serialized files now loaded: 0)
System memory in use before: 171.8 MB.
System memory in use after: 172.0 MB.

Unloading 18 unused Assets to reduce memory usage. Loaded Objects now: 4340.
Total: 3.684000 ms (FindLiveObjects: 0.306300 ms CreateObjectMapping: 0.161800 ms MarkObjects: 3.062700 ms  DeleteObjects: 0.152400 ms)

AssetImportParameters requested are different than current active one (requested -> active):
  custom:framework-win-MediaFoundation: 216162199b28c13a410421893ffa2e32 -> 
  custom:video-decoder-ogg-theora: a1e56fd34408186e4bbccfd4996cb3dc -> 
  custom:container-muxer-webm: aa71ff27fc2769a1b78a27578f13a17b -> 
  custom:container-demuxer-webm: 4f35f7cbe854078d1ac9338744f61a02 -> 
  custom:container-demuxer-ogg: 62fdf1f143b41e24485cea50d1cbac27 -> 
  custom:video-encoder-webm-vp8: eb34c28f22e8b96e1ab97ce403110664 -> 
  custom:video-decoder-webm-vp8: 9c59270c3fd7afecdb556c50c9e8de78 -> 
  custom:audio-decoder-ogg-vorbis: bf7c407c2cedff20999df2af8eb42d56 -> 
  custom:audio-encoder-webm-vorbis: bf7c407c2cedff20999df2af8eb42d56 -> 
========================================================================
Received Import Request.
  path: Assets/UniversalRenderPipelineAsset_Renderer.asset
  artifactKey: Guid(140e8bf60a7f323408fd5ede706f91f4) Importer(815301076,1909f56bfc062723c751e8b465ee728b)
Start importing Assets/UniversalRenderPipelineAsset_Renderer.asset using Guid(140e8bf60a7f323408fd5ede706f91f4) Importer(815301076,1909f56bfc062723c751e8b465ee728b)  -> (artifact id: '1df2e7c37333169affefe0207a5143df') in 0.047623 seconds 
========================================================================
Received Import Request.
  Time since last request: 0.000203 seconds.
  path: Assets/UniversalRenderPipelineAsset.asset
  artifactKey: Guid(75d0ee1084c910c419f25a348fe71afb) Importer(815301076,1909f56bfc062723c751e8b465ee728b)
Start importing Assets/UniversalRenderPipelineAsset.asset using Guid(75d0ee1084c910c419f25a348fe71afb) Importer(815301076,1909f56bfc062723c751e8b465ee728b)  -> (artifact id: '266f7f5c4ff64ebbcd29100fd133a3ed') in 0.009805 seconds 
========================================================================
Received Import Request.
  Time since last request: 0.000199 seconds.
  path: Assets/EfeitoColetavies.vfx
  artifactKey: Guid(9a9fdedb23b409b43bf4e7a2834e5cf7) Importer(815301076,1909f56bfc062723c751e8b465ee728b)
Start importing Assets/EfeitoColetavies.vfx using Guid(9a9fdedb23b409b43bf4e7a2834e5cf7) Importer(815301076,1909f56bfc062723c751e8b465ee728b)  -> (artifact id: '900c22fe79fe976f9d324274a0c550da') in 0.013107 seconds 
========================================================================
Received Import Request.
  Time since last request: 34.397524 seconds.
  path: Assets/Scenes/Game.unity
  artifactKey: Guid(9fc0d4010bbf28b4594072e72b8655ab) Importer(815301076,1909f56bfc062723c751e8b465ee728b)
Start importing Assets/Scenes/Game.unity using Guid(9fc0d4010bbf28b4594072e72b8655ab) Importer(815301076,1909f56bfc062723c751e8b465ee728b)  -> (artifact id: '0c0e7c2a748b874a1382844b70f77208') in 0.007145 seconds 
========================================================================
Received Import Request.
  Time since last request: 35.794925 seconds.
  path: Assets/Sounds/633234__patrick-corra__random-sci-fi-sounds.ogg
  artifactKey: Guid(fa472367e6ee24164b87e4f72a89e350) Importer(815301076,1909f56bfc062723c751e8b465ee728b)
Start importing Assets/Sounds/633234__patrick-corra__random-sci-fi-sounds.ogg using Guid(fa472367e6ee24164b87e4f72a89e350) Importer(815301076,1909f56bfc062723c751e8b465ee728b)  -> (artifact id: '58dd3fe1283c24033e77e1612f5aada5') in 0.144326 seconds 
========================================================================
Received Import Request.
  Time since last request: 0.000183 seconds.
  path: Assets/Sounds/pause.wav
  artifactKey: Guid(2b91edb85fbb34643984b82b3dd7ad36) Importer(815301076,1909f56bfc062723c751e8b465ee728b)
Start importing Assets/Sounds/pause.wav using Guid(2b91edb85fbb34643984b82b3dd7ad36) Importer(815301076,1909f56bfc062723c751e8b465ee728b)  -> (artifact id: 'd1185feda9ab748b18ec103ba3d31845') in 0.023642 seconds 
========================================================================
Received Import Request.
  Time since last request: 0.000200 seconds.
  path: Assets/Sounds/breathing.wav
  artifactKey: Guid(90aee665a7ff34b4c9663dcf88e422d5) Importer(815301076,1909f56bfc062723c751e8b465ee728b)
Start importing Assets/Sounds/breathing.wav using Guid(90aee665a7ff34b4c9663dcf88e422d5) Importer(815301076,1909f56bfc062723c751e8b465ee728b)  -> (artifact id: 'f96c8279353d4eada2ecee4638bd5473') in 0.021576 seconds 
========================================================================
Received Import Request.
  Time since last request: 0.000187 seconds.
  path: Assets/Sounds/techno.wav
  artifactKey: Guid(97ff0bef830b11a40bc3ed04c22b494f) Importer(815301076,1909f56bfc062723c751e8b465ee728b)
Start importing Assets/Sounds/techno.wav using Guid(97ff0bef830b11a40bc3ed04c22b494f) Importer(815301076,1909f56bfc062723c751e8b465ee728b)  -> (artifact id: 'e6691b73c3b18c7a9bc34ae891c7e1dd') in 0.021556 seconds 
========================================================================
Received Import Request.
  Time since last request: 0.000179 seconds.
  path: Assets/Sounds/jump.wav
  artifactKey: Guid(6ce17c9c68b8a6d4db731e3054a6eff9) Importer(815301076,1909f56bfc062723c751e8b465ee728b)
Start importing Assets/Sounds/jump.wav using Guid(6ce17c9c68b8a6d4db731e3054a6eff9) Importer(815301076,1909f56bfc062723c751e8b465ee728b)  -> (artifact id: 'eeaa8fc3b3aaa52c022794864e09a93a') in 0.014859 seconds 
========================================================================
Received Import Request.
  Time since last request: 0.000195 seconds.
  path: Assets/Sounds/footstep2.wav
  artifactKey: Guid(89f2ac5b0ccfffe4fb7dcc67d6042da9) Importer(815301076,1909f56bfc062723c751e8b465ee728b)
Start importing Assets/Sounds/footstep2.wav using Guid(89f2ac5b0ccfffe4fb7dcc67d6042da9) Importer(815301076,1909f56bfc062723c751e8b465ee728b)  -> (artifact id: 'ee6517d010004435ddc0996ab6dee570') in 0.016136 seconds 
========================================================================
Received Import Request.
  Time since last request: 0.000207 seconds.
  path: Assets/Sounds/gameover.mp3
  artifactKey: Guid(ded78ffa997ddda41a1d45e8f60ea487) Importer(815301076,1909f56bfc062723c751e8b465ee728b)
Start importing Assets/Sounds/gameover.mp3 using Guid(ded78ffa997ddda41a1d45e8f60ea487) Importer(815301076,1909f56bfc062723c751e8b465ee728b)  -> (artifact id: 'd55f64952101c05e3b6706faf1c8941d') in 0.019571 seconds 
========================================================================
Received Import Request.
  Time since last request: 0.000209 seconds.
  path: Assets/Sounds/effect1.mp3
  artifactKey: Guid(74c32aeae8b371343b55c3f463c13581) Importer(815301076,1909f56bfc062723c751e8b465ee728b)
Start importing Assets/Sounds/effect1.mp3 using Guid(74c32aeae8b371343b55c3f463c13581) Importer(815301076,1909f56bfc062723c751e8b465ee728b)  -> (artifact id: '6455460946e83bedd9e4f00fb659d67a') in 0.019077 seconds 
========================================================================
Received Import Request.
  Time since last request: 0.000191 seconds.
  path: Assets/Sounds/effect2.mp3
  artifactKey: Guid(4c93a56223c2fa04ba1d114205457e9e) Importer(815301076,1909f56bfc062723c751e8b465ee728b)
Start importing Assets/Sounds/effect2.mp3 using Guid(4c93a56223c2fa04ba1d114205457e9e) Importer(815301076,1909f56bfc062723c751e8b465ee728b)  -> (artifact id: 'cce82f939d2aa53de64c59313ef1a69a') in 0.021627 seconds 
========================================================================
Received Import Request.
  Time since last request: 0.000185 seconds.
  path: Assets/Sounds/footstep.wav
  artifactKey: Guid(369be88b67de24f2485fdba5a324016c) Importer(815301076,1909f56bfc062723c751e8b465ee728b)
Start importing Assets/Sounds/footstep.wav using Guid(369be88b67de24f2485fdba5a324016c) Importer(815301076,1909f56bfc062723c751e8b465ee728b)  -> (artifact id: 'b80590e4659671ef32c26195145d4e6e') in 0.024209 seconds 
========================================================================
Received Import Request.
  Time since last request: 0.000207 seconds.
  path: Assets/Sounds/countdown.mp3
  artifactKey: Guid(7f8326c152d8e1c4aadeac99dc26f8c5) Importer(815301076,1909f56bfc062723c751e8b465ee728b)
Start importing Assets/Sounds/countdown.mp3 using Guid(7f8326c152d8e1c4aadeac99dc26f8c5) Importer(815301076,1909f56bfc062723c751e8b465ee728b)  -> (artifact id: '601ac471a42050fb35199f46c76a28b2') in 0.024131 seconds 
========================================================================
Received Import Request.
  Time since last request: 0.000286 seconds.
  path: Assets/Sounds/radio_interference.wav
  artifactKey: Guid(02903b479876342f8bc596cdd5af1f04) Importer(815301076,1909f56bfc062723c751e8b465ee728b)
Start importing Assets/Sounds/radio_interference.wav using Guid(02903b479876342f8bc596cdd5af1f04) Importer(815301076,1909f56bfc062723c751e8b465ee728b)  -> (artifact id: 'a8edb94668e9e57d375a66b1cc3d54c1') in 0.015532 seconds 
========================================================================
Received Import Request.
  Time since last request: 0.000191 seconds.
  path: Assets/Sounds/ambient-music.wav
  artifactKey: Guid(52ebaf6355d144e2191467b648e3e893) Importer(815301076,1909f56bfc062723c751e8b465ee728b)
Start importing Assets/Sounds/ambient-music.wav using Guid(52ebaf6355d144e2191467b648e3e893) Importer(815301076,1909f56bfc062723c751e8b465ee728b)  -> (artifact id: '375d35171fff61822b2aeaceafd2928b') in 0.014662 seconds 
========================================================================
Received Import Request.
  Time since last request: 0.000192 seconds.
  path: Assets/Sounds/milestone.mp3
  artifactKey: Guid(6028c4a255f5f4a4ebaf367d325f1a0f) Importer(815301076,1909f56bfc062723c751e8b465ee728b)
Start importing Assets/Sounds/milestone.mp3 using Guid(6028c4a255f5f4a4ebaf367d325f1a0f) Importer(815301076,1909f56bfc062723c751e8b465ee728b)  -> (artifact id: '0ff23ae9938e8d206f5c8a5426278632') in 0.017343 seconds 
========================================================================
Received Import Request.
  Time since last request: 0.000189 seconds.
  path: Assets/Sounds/space-ambient.mp3
  artifactKey: Guid(600e82c19800b4a7eaba5f8316c267da) Importer(815301076,1909f56bfc062723c751e8b465ee728b)
Start importing Assets/Sounds/space-ambient.mp3 using Guid(600e82c19800b4a7eaba5f8316c267da) Importer(815301076,1909f56bfc062723c751e8b465ee728b)  -> (artifact id: 'c373a65103f23df46c0133f9fe0ea4c3') in 0.015157 seconds 
========================================================================
Received Import Request.
  Time since last request: 0.000182 seconds.
  path: Assets/Sounds/radio_interference2.wav
  artifactKey: Guid(97b89201f89e4452b893ef33d6dc6fd1) Importer(815301076,1909f56bfc062723c751e8b465ee728b)
Start importing Assets/Sounds/radio_interference2.wav using Guid(97b89201f89e4452b893ef33d6dc6fd1) Importer(815301076,1909f56bfc062723c751e8b465ee728b)  -> (artifact id: '51943d5cb34f45dbac11de8c3554be31') in 0.014934 seconds 
========================================================================
Received Import Request.
  Time since last request: 0.000188 seconds.
  path: Assets/Sounds/endgame.mp3
  artifactKey: Guid(eb611d7e977967d4ca495cfcc227a7e5) Importer(815301076,1909f56bfc062723c751e8b465ee728b)
Start importing Assets/Sounds/endgame.mp3 using Guid(eb611d7e977967d4ca495cfcc227a7e5) Importer(815301076,1909f56bfc062723c751e8b465ee728b)  -> (artifact id: '59cbb4b22819545f887fb6c3352d2a0c') in 0.026314 seconds 
========================================================================
Received Import Request.
  Time since last request: 0.000212 seconds.
  path: Assets/Sounds/milestone 1.mp3
  artifactKey: Guid(3d54926d692378d4c8df3e6bd69efb28) Importer(815301076,1909f56bfc062723c751e8b465ee728b)
Start importing Assets/Sounds/milestone 1.mp3 using Guid(3d54926d692378d4c8df3e6bd69efb28) Importer(815301076,1909f56bfc062723c751e8b465ee728b)  -> (artifact id: '53c86f7534ba0ad9363a63d61542408b') in 0.017636 seconds 
========================================================================
Received Import Request.
  Time since last request: 0.000186 seconds.
  path: Assets/Sounds/effect3.mp3
  artifactKey: Guid(09707569d24210d4e810e3cc584f56ce) Importer(815301076,1909f56bfc062723c751e8b465ee728b)
Start importing Assets/Sounds/effect3.mp3 using Guid(09707569d24210d4e810e3cc584f56ce) Importer(815301076,1909f56bfc062723c751e8b465ee728b)  -> (artifact id: '9bb3e7bcf5a3cab25e0fb7e85378a736') in 0.016326 seconds 
========================================================================
Received Import Request.
  Time since last request: 21.897099 seconds.
  path: Assets/Scripts/Astronaut.cs
  artifactKey: Guid(b26fea074e3d0ff4a9f805cec7d8be6f) Importer(815301076,1909f56bfc062723c751e8b465ee728b)
Start importing Assets/Scripts/Astronaut.cs using Guid(b26fea074e3d0ff4a9f805cec7d8be6f) Importer(815301076,1909f56bfc062723c751e8b465ee728b)  -> (artifact id: '3b4321f7bed7f129b24c5854c1663314') in 0.019648 seconds 
========================================================================
Received Prepare
Registering precompiled user dll's ...
Registered in 0.004965 seconds.
Begin MonoManager ReloadAssembly
Native extension for WindowsStandalone target not found
Refreshing native plugins compatible for Editor in 0.75 ms, found 2 plugins.
Preloading 0 native plugins for Editor in 0.00 ms.
Mono: successfully reloaded assembly
- Completed reload, in  1.312 seconds
Domain Reload Profiling:
	ReloadAssembly (1313ms)
		BeginReloadAssembly (166ms)
			ExecutionOrderSort (0ms)
			DisableScriptedObjects (4ms)
			BackupInstance (0ms)
			ReleaseScriptingObjects (0ms)
			CreateAndSetChildDomain (40ms)
		EndReloadAssembly (1089ms)
			LoadAssemblies (159ms)
			RebuildTransferFunctionScriptingTraits (0ms)
			SetupTypeCache (381ms)
			ReleaseScriptCaches (2ms)
			RebuildScriptCaches (70ms)
			SetupLoadedEditorAssemblies (348ms)
				LogAssemblyErrors (0ms)
				InitializePlatformSupportModulesInManaged (3ms)
				SetLoadedEditorAssemblies (1ms)
				RefreshPlugins (1ms)
				BeforeProcessingInitializeOnLoad (109ms)
				ProcessInitializeOnLoadAttributes (216ms)
				ProcessInitializeOnLoadMethodAttributes (14ms)
				AfterProcessingInitializeOnLoad (4ms)
				EditorAssembliesLoaded (0ms)
			ExecutionOrderSort2 (0ms)
			AwakeInstancesAfterBackupRestoration (12ms)
Platform modules already initialized, skipping
Refreshing native plugins compatible for Editor in 0.84 ms, found 2 plugins.
Preloading 0 native plugins for Editor in 0.00 ms.
Unloading 3739 Unused Serialized files (Serialized files now loaded: 0)
System memory in use before: 162.7 MB.
System memory in use after: 163.0 MB.

Unloading 13 unused Assets to reduce memory usage. Loaded Objects now: 4353.
Total: 4.595400 ms (FindLiveObjects: 0.396700 ms CreateObjectMapping: 0.244200 ms MarkObjects: 3.927700 ms  DeleteObjects: 0.025600 ms)

AssetImportParameters requested are different than current active one (requested -> active):
  custom:framework-win-MediaFoundation: 216162199b28c13a410421893ffa2e32 -> 
  custom:video-decoder-ogg-theora: a1e56fd34408186e4bbccfd4996cb3dc -> 
  custom:container-muxer-webm: aa71ff27fc2769a1b78a27578f13a17b -> 
  custom:container-demuxer-webm: 4f35f7cbe854078d1ac9338744f61a02 -> 
  custom:container-demuxer-ogg: 62fdf1f143b41e24485cea50d1cbac27 -> 
  custom:video-encoder-webm-vp8: eb34c28f22e8b96e1ab97ce403110664 -> 
  custom:video-decoder-webm-vp8: 9c59270c3fd7afecdb556c50c9e8de78 -> 
  custom:audio-decoder-ogg-vorbis: bf7c407c2cedff20999df2af8eb42d56 -> 
  custom:audio-encoder-webm-vorbis: bf7c407c2cedff20999df2af8eb42d56 -> 
========================================================================
Received Import Request.
  Time since last request: 276.148195 seconds.
  path: Assets/Sounds/crescendo.mp3
  artifactKey: Guid(c088eaa43ff585e4fa3f1f05c05d0c32) Importer(815301076,1909f56bfc062723c751e8b465ee728b)
Start importing Assets/Sounds/crescendo.mp3 using Guid(c088eaa43ff585e4fa3f1f05c05d0c32) Importer(815301076,1909f56bfc062723c751e8b465ee728b)  -> (artifact id: 'a61cee3dd9ff956b9f6094d822ce6b7d') in 0.091432 seconds 
========================================================================
Received Import Request.
  Time since last request: 0.000237 seconds.
  path: Assets/Scripts/Astronaut.cs
  artifactKey: Guid(b26fea074e3d0ff4a9f805cec7d8be6f) Importer(815301076,1909f56bfc062723c751e8b465ee728b)
Start importing Assets/Scripts/Astronaut.cs using Guid(b26fea074e3d0ff4a9f805cec7d8be6f) Importer(815301076,1909f56bfc062723c751e8b465ee728b)  -> (artifact id: '782d2f364a9c0499c54718003ae58014') in 0.003193 seconds 
========================================================================
Received Prepare
Registering precompiled user dll's ...
Registered in 0.005287 seconds.
Begin MonoManager ReloadAssembly
Native extension for WindowsStandalone target not found
Refreshing native plugins compatible for Editor in 0.73 ms, found 2 plugins.
Preloading 0 native plugins for Editor in 0.00 ms.
Mono: successfully reloaded assembly
- Completed reload, in  1.291 seconds
Domain Reload Profiling:
	ReloadAssembly (1291ms)
		BeginReloadAssembly (167ms)
			ExecutionOrderSort (0ms)
			DisableScriptedObjects (4ms)
			BackupInstance (0ms)
			ReleaseScriptingObjects (0ms)
			CreateAndSetChildDomain (40ms)
		EndReloadAssembly (1067ms)
			LoadAssemblies (167ms)
			RebuildTransferFunctionScriptingTraits (0ms)
			SetupTypeCache (400ms)
			ReleaseScriptCaches (2ms)
			RebuildScriptCaches (78ms)
			SetupLoadedEditorAssemblies (345ms)
				LogAssemblyErrors (0ms)
				InitializePlatformSupportModulesInManaged (4ms)
				SetLoadedEditorAssemblies (1ms)
				RefreshPlugins (1ms)
				BeforeProcessingInitializeOnLoad (109ms)
				ProcessInitializeOnLoadAttributes (215ms)
				ProcessInitializeOnLoadMethodAttributes (11ms)
				AfterProcessingInitializeOnLoad (4ms)
				EditorAssembliesLoaded (0ms)
			ExecutionOrderSort2 (0ms)
			AwakeInstancesAfterBackupRestoration (11ms)
Platform modules already initialized, skipping
Refreshing native plugins compatible for Editor in 0.83 ms, found 2 plugins.
Preloading 0 native plugins for Editor in 0.00 ms.
Unloading 3737 Unused Serialized files (Serialized files now loaded: 0)
System memory in use before: 162.8 MB.
System memory in use after: 163.0 MB.

Unloading 13 unused Assets to reduce memory usage. Loaded Objects now: 4356.
Total: 4.351300 ms (FindLiveObjects: 0.313500 ms CreateObjectMapping: 0.176900 ms MarkObjects: 3.832700 ms  DeleteObjects: 0.027100 ms)

AssetImportParameters requested are different than current active one (requested -> active):
  custom:framework-win-MediaFoundation: 216162199b28c13a410421893ffa2e32 -> 
  custom:video-decoder-ogg-theora: a1e56fd34408186e4bbccfd4996cb3dc -> 
  custom:container-muxer-webm: aa71ff27fc2769a1b78a27578f13a17b -> 
  custom:container-demuxer-webm: 4f35f7cbe854078d1ac9338744f61a02 -> 
  custom:container-demuxer-ogg: 62fdf1f143b41e24485cea50d1cbac27 -> 
  custom:video-encoder-webm-vp8: eb34c28f22e8b96e1ab97ce403110664 -> 
  custom:video-decoder-webm-vp8: 9c59270c3fd7afecdb556c50c9e8de78 -> 
  custom:audio-decoder-ogg-vorbis: bf7c407c2cedff20999df2af8eb42d56 -> 
  custom:audio-encoder-webm-vorbis: bf7c407c2cedff20999df2af8eb42d56 -> 
AssetImportWorkerClient::OnTransportError - code=2 error=End of file
